Warning: Empty instance name: 'truthtables::TruthTableExh/_L3 PRJ'.
Warning: Invalid instance name: 'truthtables::TruthTableExh/A1 FOLD#1'.
Warning: Empty instance name: 'filters::TransferFcn01/_L72 PRJ'.
Warning: Empty instance name: 'filters::TransferFcn01/_L78 PRJ'.
Warning: Empty instance name: 'filters::Filter01/_L66 PRJ'.
Warning: Empty instance name: 'filters::Filter01/_L76 PRJ'.
Warning: Empty instance name: 'filters::Filter11/_L230 PRJ'.
Warning: Empty instance name: 'filters::Filter11/_L232 PRJ'.
Warning: Empty instance name: 'filters::Filter11/_L233 PRJ'.
Warning: Empty instance name: 'filters::Filter11/_L245 PRJ'.
Warning: Empty instance name: 'filters::Filter0D/_L136 PRJ'.
Warning: Empty instance name: 'filters::FilterNN/_L133 PRJ'.
Warning: Empty instance name: 'filters::FilterNN/_L140 PRJ'.
Warning: Empty instance name: 'filters::FilterND/_L134 PRJ'.
Warning: Empty instance name: 'filters::FilterND/_L139 PRJ'.
Warning: Empty instance name: 'filters::TransferFcn02/_L75 PRJ'.
Warning: Empty instance name: 'filters::TransferFcn02/_L85 PRJ'.
Warning: Empty instance name: 'filters::TransferFcn02/_L87 PRJ'.
Warning: Empty instance name: 'filters::Filter02/_L65 PRJ'.
Warning: Empty instance name: 'filters::Filter02/_L68 PRJ'.
Warning: Empty instance name: 'filters::Filter02/_L69 PRJ'.
Warning: Empty instance name: 'filters::TransferFcn0D/_L9 PRJ'.
Warning: Empty instance name: 'filters::TransferFcn0D/_L9 MINUS'.
Warning: Empty instance name: 'filters::TransferFcn0D/_L22 PRJ'.
Warning: Empty instance name: 'filters::Filter12/_L230 PRJ'.
Warning: Empty instance name: 'filters::Filter12/_L232 PRJ'.
Warning: Empty instance name: 'filters::Filter12/_L233 PRJ'.
Warning: Empty instance name: 'filters::Filter12/_L245 PRJ'.
Warning: Empty instance name: 'filters::Filter12/_L253 PRJ'.
Warning: Empty instance name: 'filters::TransferFcn12/_L75 PRJ'.
Warning: Empty instance name: 'filters::TransferFcn12/_L78 PRJ'.
Warning: Empty instance name: 'filters::TransferFcn12/_L85 PRJ'.
Warning: Empty instance name: 'filters::TransferFcn12/_L87 PRJ'.
Warning: Empty instance name: 'filters::TransferFcn12/_L97 PRJ'.
Warning: Empty instance name: 'filters::TransferFcnND/_L22 PRJ'.
Warning: Empty instance name: 'filters::Filter02Norm/_L65 PRJ'.
Warning: Empty instance name: 'filters::Filter02Norm/_L68 PRJ'.
Warning: Empty instance name: 'filters::Filter11Norm/_L230 PRJ'.
Warning: Empty instance name: 'filters::Filter11Norm/_L233 PRJ'.
Warning: Empty instance name: 'filters::Filter12Norm/_L230 PRJ'.
Warning: Empty instance name: 'filters::Filter12Norm/_L232 PRJ'.
Warning: Empty instance name: 'filters::Filter12Norm/_L233 PRJ'.
Warning: Empty instance name: 'filters::Filter12Norm/_L253 PRJ'.
Warning: Empty instance name: 'filters::FilterNDNorm/_L139 PRJ'.
Warning: Empty instance name: 'filters::FilterNNNorm/_L140 PRJ'.
Warning: Empty instance name: 'vect::Det4x4/Det MULT'.
Warning: Empty instance name: 'vect::Det4x4/Det PRJ'.
Warning: Empty instance name: 'vect::Det4x4/Det MULT'.
Warning: Empty instance name: 'vect::Det4x4/Det PRJ'.
Warning: Empty instance name: 'vect::Det4x4/Det MULT'.
Warning: Empty instance name: 'vect::Det4x4/Det PRJ'.
Warning: Empty instance name: 'vect::Det4x4/Det MULT'.
Warning: Empty instance name: 'vect::Det4x4/Det PRJ'.
Warning: Empty instance name: 'vect::Det4x4/C00 MULT'.
Warning: Empty instance name: 'vect::Det4x4/C00 PRJ'.
Warning: Empty instance name: 'vect::Det4x4/C00 MULT'.
Warning: Empty instance name: 'vect::Det4x4/C00 PRJ'.
Warning: Empty instance name: 'vect::Det4x4/C00 MULT'.
Warning: Empty instance name: 'vect::Det4x4/C00 PRJ'.
Warning: Empty instance name: 'vect::Det4x4/C0011 MULT'.
Warning: Empty instance name: 'vect::Det4x4/C0011 PRJ'.
Warning: Empty instance name: 'vect::Det4x4/C0011 PRJ'.
Warning: Empty instance name: 'vect::Det4x4/C0011 MULT'.
Warning: Empty instance name: 'vect::Det4x4/C0011 PRJ'.
Warning: Empty instance name: 'vect::Det4x4/C0011 PRJ'.
Warning: Empty instance name: 'vect::Det4x4/C0021 MULT'.
Warning: Empty instance name: 'vect::Det4x4/C0021 UMINUS'.
Warning: Empty instance name: 'vect::Det4x4/C0021 PRJ'.
Warning: Empty instance name: 'vect::Det4x4/C0021 PRJ'.
Warning: Empty instance name: 'vect::Det4x4/C0021 MULT'.
Warning: Empty instance name: 'vect::Det4x4/C0021 PRJ'.
Warning: Empty instance name: 'vect::Det4x4/C0021 PRJ'.
Warning: Empty instance name: 'vect::Det4x4/C0031 MULT'.
Warning: Empty instance name: 'vect::Det4x4/C0031 PRJ'.
Warning: Empty instance name: 'vect::Det4x4/C0031 PRJ'.
Warning: Empty instance name: 'vect::Det4x4/C0031 MULT'.
Warning: Empty instance name: 'vect::Det4x4/C0031 PRJ'.
Warning: Empty instance name: 'vect::Det4x4/C0031 PRJ'.
Warning: Empty instance name: 'vect::Det4x4/C01 MULT'.
Warning: Empty instance name: 'vect::Det4x4/C01 PRJ'.
Warning: Empty instance name: 'vect::Det4x4/C01 MULT'.
Warning: Empty instance name: 'vect::Det4x4/C01 PRJ'.
Warning: Empty instance name: 'vect::Det4x4/C01 MULT'.
Warning: Empty instance name: 'vect::Det4x4/C01 PRJ'.
Warning: Empty instance name: 'vect::Det4x4/C0110 MULT'.
Warning: Empty instance name: 'vect::Det4x4/C0110 UMINUS'.
Warning: Empty instance name: 'vect::Det4x4/C0110 PRJ'.
Warning: Empty instance name: 'vect::Det4x4/C0110 PRJ'.
Warning: Empty instance name: 'vect::Det4x4/C0110 MULT'.
Warning: Empty instance name: 'vect::Det4x4/C0110 PRJ'.
Warning: Empty instance name: 'vect::Det4x4/C0110 PRJ'.
Warning: Empty instance name: 'vect::Det4x4/C0120 MULT'.
Warning: Empty instance name: 'vect::Det4x4/C0120 PRJ'.
Warning: Empty instance name: 'vect::Det4x4/C0120 PRJ'.
Warning: Empty instance name: 'vect::Det4x4/C0120 MULT'.
Warning: Empty instance name: 'vect::Det4x4/C0120 PRJ'.
Warning: Empty instance name: 'vect::Det4x4/C0120 PRJ'.
Warning: Empty instance name: 'vect::Det4x4/C0130 MULT'.
Warning: Empty instance name: 'vect::Det4x4/C0130 UMINUS'.
Warning: Empty instance name: 'vect::Det4x4/C0130 PRJ'.
Warning: Empty instance name: 'vect::Det4x4/C0130 PRJ'.
Warning: Empty instance name: 'vect::Det4x4/C0130 MULT'.
Warning: Empty instance name: 'vect::Det4x4/C0130 PRJ'.
Warning: Empty instance name: 'vect::Det4x4/C0130 PRJ'.
Warning: Empty instance name: 'vect::Det4x4/C02 MULT'.
Warning: Empty instance name: 'vect::Det4x4/C02 PRJ'.
Warning: Empty instance name: 'vect::Det4x4/C02 MULT'.
Warning: Empty instance name: 'vect::Det4x4/C02 PRJ'.
Warning: Empty instance name: 'vect::Det4x4/C02 MULT'.
Warning: Empty instance name: 'vect::Det4x4/C02 PRJ'.
Warning: Empty instance name: 'vect::Det4x4/C0210 MULT'.
Warning: Empty instance name: 'vect::Det4x4/C0210 PRJ'.
Warning: Empty instance name: 'vect::Det4x4/C0210 PRJ'.
Warning: Empty instance name: 'vect::Det4x4/C0210 MULT'.
Warning: Empty instance name: 'vect::Det4x4/C0210 PRJ'.
Warning: Empty instance name: 'vect::Det4x4/C0210 PRJ'.
Warning: Empty instance name: 'vect::Det4x4/C0220 MULT'.
Warning: Empty instance name: 'vect::Det4x4/C0220 UMINUS'.
Warning: Empty instance name: 'vect::Det4x4/C0220 PRJ'.
Warning: Empty instance name: 'vect::Det4x4/C0220 PRJ'.
Warning: Empty instance name: 'vect::Det4x4/C0220 MULT'.
Warning: Empty instance name: 'vect::Det4x4/C0220 PRJ'.
Warning: Empty instance name: 'vect::Det4x4/C0220 PRJ'.
Warning: Empty instance name: 'vect::Det4x4/C0230 MULT'.
Warning: Empty instance name: 'vect::Det4x4/C0230 PRJ'.
Warning: Empty instance name: 'vect::Det4x4/C0230 PRJ'.
Warning: Empty instance name: 'vect::Det4x4/C0230 MULT'.
Warning: Empty instance name: 'vect::Det4x4/C0230 PRJ'.
Warning: Empty instance name: 'vect::Det4x4/C0230 PRJ'.
Warning: Empty instance name: 'vect::Det4x4/C03 MULT'.
Warning: Empty instance name: 'vect::Det4x4/C03 PRJ'.
Warning: Empty instance name: 'vect::Det4x4/C03 MULT'.
Warning: Empty instance name: 'vect::Det4x4/C03 PRJ'.
Warning: Empty instance name: 'vect::Det4x4/C03 MULT'.
Warning: Empty instance name: 'vect::Det4x4/C03 PRJ'.
Warning: Empty instance name: 'vect::Det4x4/C0310 MULT'.
Warning: Empty instance name: 'vect::Det4x4/C0310 UMINUS'.
Warning: Empty instance name: 'vect::Det4x4/C0310 PRJ'.
Warning: Empty instance name: 'vect::Det4x4/C0310 PRJ'.
Warning: Empty instance name: 'vect::Det4x4/C0310 MULT'.
Warning: Empty instance name: 'vect::Det4x4/C0310 PRJ'.
Warning: Empty instance name: 'vect::Det4x4/C0310 PRJ'.
Warning: Empty instance name: 'vect::Det4x4/C0320 MULT'.
Warning: Empty instance name: 'vect::Det4x4/C0320 PRJ'.
Warning: Empty instance name: 'vect::Det4x4/C0320 PRJ'.
Warning: Empty instance name: 'vect::Det4x4/C0320 MULT'.
Warning: Empty instance name: 'vect::Det4x4/C0320 PRJ'.
Warning: Empty instance name: 'vect::Det4x4/C0320 PRJ'.
Warning: Empty instance name: 'vect::Det4x4/C0330 MULT'.
Warning: Empty instance name: 'vect::Det4x4/C0330 UMINUS'.
Warning: Empty instance name: 'vect::Det4x4/C0330 PRJ'.
Warning: Empty instance name: 'vect::Det4x4/C0330 PRJ'.
Warning: Empty instance name: 'vect::Det4x4/C0330 MULT'.
Warning: Empty instance name: 'vect::Det4x4/C0330 PRJ'.
Warning: Empty instance name: 'vect::Det4x4/C0330 PRJ'.
Warning: Empty instance name: 'vect::Det3x3/Det MULT'.
Warning: Empty instance name: 'vect::Det3x3/Det PRJ'.
Warning: Empty instance name: 'vect::Det3x3/Det MULT'.
Warning: Empty instance name: 'vect::Det3x3/Det PRJ'.
Warning: Empty instance name: 'vect::Det3x3/Det MULT'.
Warning: Empty instance name: 'vect::Det3x3/Det PRJ'.
Warning: Empty instance name: 'vect::Det3x3/C00 MULT'.
Warning: Empty instance name: 'vect::Det3x3/C00 PRJ'.
Warning: Empty instance name: 'vect::Det3x3/C00 PRJ'.
Warning: Empty instance name: 'vect::Det3x3/C00 MULT'.
Warning: Empty instance name: 'vect::Det3x3/C00 PRJ'.
Warning: Empty instance name: 'vect::Det3x3/C00 PRJ'.
Warning: Empty instance name: 'vect::Det3x3/C01 MULT'.
Warning: Empty instance name: 'vect::Det3x3/C01 UMINUS'.
Warning: Empty instance name: 'vect::Det3x3/C01 PRJ'.
Warning: Empty instance name: 'vect::Det3x3/C01 PRJ'.
Warning: Empty instance name: 'vect::Det3x3/C01 MULT'.
Warning: Empty instance name: 'vect::Det3x3/C01 PRJ'.
Warning: Empty instance name: 'vect::Det3x3/C01 PRJ'.
Warning: Empty instance name: 'vect::Det3x3/C02 MULT'.
Warning: Empty instance name: 'vect::Det3x3/C02 PRJ'.
Warning: Empty instance name: 'vect::Det3x3/C02 PRJ'.
Warning: Empty instance name: 'vect::Det3x3/C02 MULT'.
Warning: Empty instance name: 'vect::Det3x3/C02 PRJ'.
Warning: Empty instance name: 'vect::Det3x3/C02 PRJ'.
Warning: Empty instance name: 'vect::Det2x2/Det MULT'.
Warning: Empty instance name: 'vect::Det2x2/Det PRJ'.
Warning: Empty instance name: 'vect::Det2x2/Det PRJ'.
Warning: Empty instance name: 'vect::Det2x2/Det MULT'.
Warning: Empty instance name: 'vect::Det2x2/Det PRJ'.
Warning: Empty instance name: 'vect::Det2x2/Det PRJ'.
Warning: Empty instance name: 'lut::PreLutDirect/_L71 MINUS'.
Warning: Empty instance name: 'lut::PreLutDirect/_L185 MINUS'.
Warning: Empty instance name: 'lut::Lut2DNearest/_L14 SLICE'.
Warning: Empty instance name: 'lut::Lut2DNearest/_L18 SLICE'.
Warning: Empty instance name: 'lut::Lut2DNearest/_L21 SLICE'.
Warning: Empty instance name: 'lut::Lut2DNearest/_L26 SLICE'.
Warning: 'digital::FallingEdgeNoRetrigger': PRE operator replaced by FBY at 'fby#pre1'.
Warning: 'digital::FallingEdgeRetrigger': PRE operator replaced by FBY at 'fby#pre10'.
Warning: 'digital::FlipFlopJK': PRE operator replaced by FBY at 'fby#pre4'.
Warning: 'digital::FlipFlopReset': PRE operator replaced by FBY at 'fby#pre4'.
Warning: 'digital::FlipFlopSet': PRE operator replaced by FBY at 'fby#pre4'.
Warning: 'digital::RisingEdgeRetrigger': PRE operator replaced by FBY at 'fby#pre1'.
Warning: 'digital::RisingEdgeNoRetrigger': PRE operator replaced by FBY at 'fby#pre11'.
Warning: 'digital::count_down': PRE operator replaced by FBY at 'fby#pre8'.
Warning: 'linear::Derivative': PRE operator replaced by FBY at 'fby#pre2'.
Warning: 'linear::Filter1stOrderLoop': PRE operator replaced by FBY at 'fby#pre6'.
Warning: 'linear::IntegrTrapez': PRE operator replaced by FBY at 'fby#pre1'.
Warning: 'linear::IntegrTrapez': PRE operator replaced by FBY at 'fby#pre2'.
Warning: 'linear::IntegrFwd': PRE operator replaced by FBY at 'fby#pre14'.
Warning: 'linear::HitCrossingFalling': PRE operator replaced by FBY at 'fby#pre4'.
Warning: 'linear::HitCrossingRising': PRE operator replaced by FBY at 'fby#pre4'.
Warning: 'pwlinear::ClockCounter': PRE operator replaced by FBY at 'fby#pre4'.
Warning: 'pwlinear::FallingHysteresis': PRE operator replaced by FBY at 'fby#pre3'.
Warning: 'pwlinear::RisingHysteresis': PRE operator replaced by FBY at 'fby#pre4'.
Warning: 'verif::HasNeverBeenTrue': PRE operator replaced by FBY at 'fby#pre4'.
Warning: 'verif::AtLeastNTicks': PRE operator replaced by FBY at 'fby#pre5'.
Operator(Sub_Gears_Motion_Monitoring/): Skip
Operator(Sub_Doors_Motion_Monitoring/): Skip
Operator(Sub2_Pression_Sensor_Monitoring/): Skip
Operator(Sub2_Analogical_Switch_Monitoring/): Skip
Operator(Sub1_Pression_Sensor_Monitoring/): Skip
Operator(Sub1_Analogical_Switch_Monitoring/): Skip
Operator(Sensor_Validity/): Skip
Operator(Pression_Sensor_Monitoring/): Skip
Operator(Generic_Monitoring/): Skip
Operator(Gears_Motion_Monitoring/): Skip
Operator(Doors_Motion_Monitoring/): Skip
Operator(Computing_Model/): Visit
    DataDef(Computing_Model/State_Machine_Extend_Gear:RETRACTED_UP:<1>:): Process
    DataDef(Computing_Model/State_Machine_Extend_Gear:RETRACTED_UP:): Process
    DataDef(Computing_Model/State_Machine_Extend_Gear:GEN_EV_ON:<1>:): Process
    DataDef(Computing_Model/State_Machine_Extend_Gear:GEN_EV_ON:): Process
    DataDef(Computing_Model/State_Machine_Extend_Gear:OPEN_EV_ON:<1>:): Process
    DataDef(Computing_Model/State_Machine_Extend_Gear:OPEN_EV_ON:<2>:): Process
    DataDef(Computing_Model/State_Machine_Extend_Gear:OPEN_EV_ON:): Process
    DataDef(Computing_Model/State_Machine_Extend_Gear:EXTEND_EV_ON:<1>:): Process
    DataDef(Computing_Model/State_Machine_Extend_Gear:EXTEND_EV_ON:<2>:): Process
    DataDef(Computing_Model/State_Machine_Extend_Gear:EXTEND_EV_ON:): Process
    DataDef(Computing_Model/State_Machine_Extend_Gear:EXTEND_EV_OFF:<1>:): Process
    DataDef(Computing_Model/State_Machine_Extend_Gear:EXTEND_EV_OFF:<2>:): Process
    DataDef(Computing_Model/State_Machine_Extend_Gear:EXTEND_EV_OFF:): Process
    DataDef(Computing_Model/State_Machine_Extend_Gear:CLOSE_EV_ON:<1>:): Process
    DataDef(Computing_Model/State_Machine_Extend_Gear:CLOSE_EV_ON:<2>:): Process
    DataDef(Computing_Model/State_Machine_Extend_Gear:CLOSE_EV_ON:): Process
    DataDef(Computing_Model/State_Machine_Extend_Gear:CLOSE_EV_OFF:<1>:): Process
    DataDef(Computing_Model/State_Machine_Extend_Gear:CLOSE_EV_OFF:<2>:): Process
    DataDef(Computing_Model/State_Machine_Extend_Gear:CLOSE_EV_OFF:): Process
    DataDef(Computing_Model/State_Machine_Extend_Gear:OPEN_EV_OFF:<1>:): Process
    DataDef(Computing_Model/State_Machine_Extend_Gear:OPEN_EV_OFF:<2>:): Process
    DataDef(Computing_Model/State_Machine_Extend_Gear:OPEN_EV_OFF:): Process
    DataDef(Computing_Model/State_Machine_Extend_Gear:GENERAL_EV_OFF:<1>:): Process
    DataDef(Computing_Model/State_Machine_Extend_Gear:GENERAL_EV_OFF:): Process
    DataDef(Computing_Model/State_Machine_Extend_Gear:EXTENDED_DOWN:<1>:): Process
    DataDef(Computing_Model/State_Machine_Extend_Gear:EXTENDED_DOWN:): Process
    DataDef(Computing_Model/State_Machine_Extend_Gear:GENERAL_EV_ON:<1>:): Process
    DataDef(Computing_Model/State_Machine_Extend_Gear:GENERAL_EV_ON:): Process
    DataDef(Computing_Model/State_Machine_Extend_Gear:OPEN_EV_OFF1:<1>:): Process
    DataDef(Computing_Model/State_Machine_Extend_Gear:OPEN_EV_OFF1:<2>:): Process
    DataDef(Computing_Model/State_Machine_Extend_Gear:OPEN_EV_OFF1:): Process
    DataDef(Computing_Model/State_Machine_Extend_Gear:CLOSE_EV_OFF1:<1>:): Process
    DataDef(Computing_Model/State_Machine_Extend_Gear:CLOSE_EV_OFF1:<2>:): Process
    DataDef(Computing_Model/State_Machine_Extend_Gear:CLOSE_EV_OFF1:): Process
    DataDef(Computing_Model/State_Machine_Extend_Gear:OPEN_EV_ON1:<1>:): Process
    DataDef(Computing_Model/State_Machine_Extend_Gear:OPEN_EV_ON1:<2>:): Process
    DataDef(Computing_Model/State_Machine_Extend_Gear:OPEN_EV_ON1:<2.1>:): Process
    DataDef(Computing_Model/State_Machine_Extend_Gear:OPEN_EV_ON1:<2.2>:): Process
    DataDef(Computing_Model/State_Machine_Extend_Gear:OPEN_EV_ON1:): Process
    DataDef(Computing_Model/State_Machine_Extend_Gear:CLOSE_EV_ON1:<1>:): Process
    DataDef(Computing_Model/State_Machine_Extend_Gear:CLOSE_EV_ON1:<2>:): Process
    DataDef(Computing_Model/State_Machine_Extend_Gear:CLOSE_EV_ON1:): Process
    DataDef(Computing_Model/State_Machine_Extend_Gear:RETRACT_EV_ON:<1>:): Process
    DataDef(Computing_Model/State_Machine_Extend_Gear:RETRACT_EV_ON:<2>:): Process
    DataDef(Computing_Model/State_Machine_Extend_Gear:RETRACT_EV_ON:): Process
    DataDef(Computing_Model/State_Machine_Extend_Gear:RETRAIT_EV_OFF:<1>:): Process
    DataDef(Computing_Model/State_Machine_Extend_Gear:RETRAIT_EV_OFF:<2>:): Process
    DataDef(Computing_Model/State_Machine_Extend_Gear:RETRAIT_EV_OFF:): Process
    DataDef(Computing_Model/State_Machine_Extend_Gear:GENERAL_EV_OFF1:<1>:): Process
    DataDef(Computing_Model/State_Machine_Extend_Gear:GENERAL_EV_OFF1:): Process
    DataDef(Computing_Model/State_Machine_Extend_Gear:INTERRUPTION_TO_UP:<1>:): Process
    DataDef(Computing_Model/State_Machine_Extend_Gear:INTERRUPTION_TO_UP:): Process
    DataDef(Computing_Model/State_Machine_Extend_Gear:INTERRUPTION_DOWN:<1>:): Process
    DataDef(Computing_Model/State_Machine_Extend_Gear:INTERRUPTION_DOWN:): Process
    DataDef(Computing_Model/State_Machine_Extend_Gear:WAITING_TO_UP:<1>:): Process
    DataDef(Computing_Model/State_Machine_Extend_Gear:WAITING_TO_UP:): Process
    DataDef(Computing_Model/State_Machine_Extend_Gear:WAITING_DOWN:<1>:): Process
    DataDef(Computing_Model/State_Machine_Extend_Gear:WAITING_DOWN:): Process
    DataDef(Computing_Model/): Process
Operator(Analogical_Switch_Monitoring/): Skip
Operator(digital::FallingEdge/): Skip
Operator(digital::FlipFlopJK/): Skip
Operator(digital::FlipFlopReset/): Skip
Operator(digital::FlipFlopSet/): Skip
Operator(digital::RisingEdge/): Skip
Operator(digital::Toggle/): Skip
Operator(digital::count_down/): Skip
Operator(digital::EitherEdge/): Skip
Operator(digital::BoolVect2IntElt/): Skip
Operator(digital::Int2BoolVectElt/): Skip
Operator(digital::BoolVect2Int8/): Skip
Operator(digital::Int2BoolVect/): Skip
Operator(digital::BoolVect2Int16/): Skip
Operator(digital::BoolVect2Uint16/): Skip
Operator(digital::BoolVect2Uint32/): Skip
Operator(digital::BoolVect2Uint64/): Skip
Operator(digital::BoolVect2Uint8/): Skip
Operator(digital::BoolVect2Int32/): Skip
Operator(digital::BoolVect2Int64/): Skip
Operator(truthtables::TruthTableElt/): Skip
Operator(truthtables::TruthTableLineIdx/): Skip
Operator(truthtables::TruthTableIdx/): Skip
Operator(truthtables::TruthTableExh/): Skip
Operator(truthtables::TruthTableLine/): Skip
Operator(truthtables::TruthTable/): Skip
Operator(linear::Gain/): Skip
Operator(linear::MeanCycle2/): Skip
Operator(linear::MeanCycle3/): Skip
Operator(linear::Derivative/): Skip
Operator(linear::Filter1stOrderLoop/): Skip
Operator(linear::IntegrTrapez/): Skip
Operator(linear::IntegrFwd/): Skip
Operator(linear::Memory/): Skip
Operator(linear::HitCrossingEither/): Skip
Operator(linear::HitCrossingFalling/): Skip
Operator(linear::HitCrossingRising/): Skip
Operator(linear::MemoryBasic/): Skip
Operator(filters::TransferFcn01/): Skip
Operator(filters::SumDelay/): Skip
Operator(filters::Filter01/): Skip
Operator(filters::Filter11/): Skip
Operator(filters::Filter0D/): Skip
Operator(filters::FilterNN/): Skip
Operator(filters::FilterND/): Skip
Operator(filters::TransferFcn02/): Skip
Operator(filters::Filter02/): Skip
Operator(filters::TransferFcn0D/): Skip
Operator(filters::Filter01Norm/): Skip
Operator(filters::Filter12/): Skip
Operator(filters::TransferFcn12/): Skip
Operator(filters::TransferFcnND/): Skip
Operator(filters::Filter02Norm/): Skip
Operator(filters::Filter11Norm/): Skip
Operator(filters::Filter12Norm/): Skip
Operator(filters::Filter0DNorm/): Skip
Operator(filters::FilterNDNorm/): Skip
Operator(filters::FilterNNNorm/): Skip
Operator(vect::ScalProd/): Skip
Operator(vect::MatVectProd/): Skip
Operator(vect::VectMatProd/): Skip
Operator(vect::Det4x4/): Skip
Operator(vect::Det3x3/): Skip
Operator(vect::Det2x2/): Skip
Operator(vect::VectSub/): Skip
Operator(vect::VectAdd/): Skip
Operator(math::Abs/): Skip
Operator(math::BoolToInt16/): Skip
Operator(math::BoolToFloat32/): Skip
Operator(math::InRangeInIn/): Skip
Operator(math::InRangeInOut/): Skip
Operator(math::InRangeOutIn/): Skip
Operator(math::InRangeOutOut/): Skip
Operator(math::Max/): Skip
Operator(math::Max3/): Skip
Operator(math::Mean3/): Skip
Operator(math::Min/): Skip
Operator(math::Min3/): Skip
Operator(math::Sign/): Skip
Operator(math::Mean/): Skip
Operator(math::Round/): Skip
Operator(math::ByteToUint8/): Skip
Operator(math::RoundCeil/): Skip
Operator(math::RoundFloor/): Skip
Operator(math::IntToBool/): Skip
Operator(math::RealToBool/): Skip
Operator(math::BoolToInt32/): Skip
Operator(math::BoolToUint8/): Skip
Operator(math::BoolToInt64/): Skip
Operator(math::BoolToInt8/): Skip
Operator(math::BoolToUint64/): Skip
Operator(math::BoolToUint16/): Skip
Operator(math::BoolToUint32/): Skip
Operator(math::BoolToFloat64/): Skip
Operator(math::NumericToUint8/): Skip
Operator(math::NumericToInt8/): Skip
Operator(math::NumericToInt16/): Skip
Operator(math::NumericToInt32/): Skip
Operator(math::NumericToInt64/): Skip
Operator(math::NumericToUint16/): Skip
Operator(math::NumericToUint32/): Skip
Operator(math::NumericToUint64/): Skip
Operator(math::NumericToFloat64/): Skip
Operator(math::NumericToFloat32/): Skip
Operator(mathext::AcosR/): Skip
Operator(mathext::AcoshR/): Skip
Operator(mathext::AsinR/): Skip
Operator(mathext::AsinhR/): Skip
Operator(mathext::Atan2R/): Skip
Operator(mathext::AtanR/): Skip
Operator(mathext::AtanhR/): Skip
Operator(mathext::CosR/): Skip
Operator(mathext::CoshR/): Skip
Operator(mathext::ExpR/): Skip
Operator(mathext::LnR/): Skip
Operator(mathext::LogR/): Skip
Operator(mathext::PowerRR/): Skip
Operator(mathext::SinR/): Skip
Operator(mathext::SinhR/): Skip
Operator(mathext::SqrtR/): Skip
Operator(mathext::TanR/): Skip
Operator(mathext::TanhR/): Skip
Operator(mathext::TenPowR/): Skip
Operator(mathext::Square/): Skip
Operator(mathext::Inv/): Skip
Operator(mathext::HypotR/): Skip
Operator(mathext::PowerI/): Skip
Operator(mathext::PowerR/): Skip
Operator(mathext::SinCosR/): Skip
Operator(mathext::mathextimpl::AcoshR32/): Skip
Operator(mathext::mathextimpl::AcosR32/): Skip
Operator(mathext::mathextimpl::AsinhR32/): Skip
Operator(mathext::mathextimpl::AsinR32/): Skip
Operator(mathext::mathextimpl::Atan2R32/): Skip
Operator(mathext::mathextimpl::AtanhR32/): Skip
Operator(mathext::mathextimpl::AtanR32/): Skip
Operator(mathext::mathextimpl::CoshR32/): Skip
Operator(mathext::mathextimpl::CosR32/): Skip
Operator(mathext::mathextimpl::ExpR32/): Skip
Operator(mathext::mathextimpl::LnR32/): Skip
Operator(mathext::mathextimpl::LogR32/): Skip
Operator(mathext::mathextimpl::PowerR32/): Skip
Operator(mathext::mathextimpl::PowerRR32/): Skip
Operator(mathext::mathextimpl::SinhR32/): Skip
Operator(mathext::mathextimpl::SinR32/): Skip
Operator(mathext::mathextimpl::SqrtR32/): Skip
Operator(mathext::mathextimpl::TanhR32/): Skip
Operator(mathext::mathextimpl::TanR32/): Skip
Operator(mathext::mathextimpl::TenPowR32/): Skip
Operator(mathext::mathextimpl::AcoshR64/): Skip
Operator(mathext::mathextimpl::AcosR64/): Skip
Operator(mathext::mathextimpl::AsinhR64/): Skip
Operator(mathext::mathextimpl::AsinR64/): Skip
Operator(mathext::mathextimpl::Atan2R64/): Skip
Operator(mathext::mathextimpl::AtanhR64/): Skip
Operator(mathext::mathextimpl::AtanR64/): Skip
Operator(mathext::mathextimpl::CoshR64/): Skip
Operator(mathext::mathextimpl::CosR64/): Skip
Operator(mathext::mathextimpl::ExpR64/): Skip
Operator(mathext::mathextimpl::LnR64/): Skip
Operator(mathext::mathextimpl::LogR64/): Skip
Operator(mathext::mathextimpl::PowerR64/): Skip
Operator(mathext::mathextimpl::PowerRR64/): Skip
Operator(mathext::mathextimpl::SinhR64/): Skip
Operator(mathext::mathextimpl::SinR64/): Skip
Operator(mathext::mathextimpl::SqrtR64/): Skip
Operator(mathext::mathextimpl::TanhR64/): Skip
Operator(mathext::mathextimpl::TanR64/): Skip
Operator(mathext::mathextimpl::TenPowR64/): Skip
Operator(mathext::mathextimpl::PowerI32/): Skip
Operator(pwlinear::LimiterUnSymmetrical/): Skip
Operator(pwlinear::PreLoadUnSymmetrical/): Skip
Operator(pwlinear::ClockCounter/): Skip
Operator(pwlinear::Quantizer/): Skip
Operator(pwlinear::RateLimiter/): Skip
Operator(pwlinear::Counter/): Skip
Operator(pwlinear::FallingHysteresis/): Skip
Operator(pwlinear::RisingHysteresis/): Skip
Operator(pwlinear::LimiterSymmetrical/): Skip
Operator(pwlinear::PreLoadSymmetrical/): Skip
Operator(pwlinear::DeadBandUnSymmetrical/): Skip
Operator(pwlinear::DeadBandSymmetrical/): Skip
Operator(lut::Interp1D/): Skip
Operator(lut::Interp2DFloor/): Skip
Operator(lut::PreLutDirect/): Skip
Operator(lut::SearchIdxFloor/): Skip
Operator(lut::SearchIdxCeil/): Skip
Operator(lut::SearchNearest/): Skip
Operator(lut::Lut2DNearest/): Skip
Operator(lut::Interp1DFloor/): Skip
Operator(lut::Interp2D/): Skip
Operator(lut::SearchIdx/): Skip
Operator(lut::Proj/): Skip
Operator(lut::PreLutNoSat/): Skip
Operator(lut::Limiter/): Skip
Operator(lut::InterpolateLinear/): Skip
Operator(lut::Lut1DFloor/): Skip
Operator(lut::Lut3DNearest/): Skip
Operator(lut::Lut2DNoSat/): Skip
Operator(lut::Lut3DNoSat/): Skip
Operator(lut::Limiter2/): Skip
Operator(verif::HasNeverBeenTrue/): Skip
Operator(verif::Implies/): Skip
Operator(verif::AtLeastNTicks/): Skip
Operator(verif::ImpliesWithinNTick/): Skip
Operator(verif::AfterNthTick/): Skip
Operator(Health_Monitor/): Skip
Operator(Double_Check_Computing_Model/): Skip
Operator(digital::FallingEdgeNoRetrigger/): Skip
Operator(digital::FallingEdgeRetrigger/): Skip
Operator(digital::RisingEdgeRetrigger/): Skip
Operator(digital::RisingEdgeNoRetrigger/): Skip
Operator(vect::MatProd/): Skip
Operator(vect::MatAdd/): Skip
Operator(vect::Inv4x4/): Skip
Operator(vect::Inv3x3/): Skip
Operator(vect::Inv2x2/): Skip
Operator(vect::MatSub/): Skip
Operator(lut::Lut1DCeil/): Skip
Operator(lut::Lut1DNearest/): Skip
Operator(lut::Lut2DFloor/): Skip
Operator(lut::Lut2DCeil/): Skip
Operator(lut::Lut1DNoSat/): Skip
Operator(lut::Lut2D/): Skip
Operator(lut::Lut1D/): Skip
Operator(lut::Lut3D/): Skip
Operator(lut::PreLut/): Skip
Operator(verif::AlwaysAfterFirstCond/): Skip
Operator(Total_Model/): Skip
