$**************  SCADETOC Version R17 (build i15) **************
** Generation date: 2020-02-07T16:30:48
** Command: scade -code "C:\Users\SI\Documents\0_ScadeFiles\ROB301_BRAMBILLA_GOMES\ROB301_BRAMBILLA_GOMES.etp" -root Computing_Model -conf Coverage -build
*************************************************************$
*** Generated Files Information (GENFIL): KCG- Generated files
 ~mapping.xml
  at file C:\Users\SI\Documents\0_ScadeFiles\ROB301_BRAMBILLA_GOMES\Coverage\mapping.xml, line 0, character 0
 ~kcg_metrics.txt
  at file C:\Users\SI\Documents\0_ScadeFiles\ROB301_BRAMBILLA_GOMES\Coverage\kcg_metrics.txt, line 0, character 0
 ~Computing_Model.c
  at file C:\Users\SI\Documents\0_ScadeFiles\ROB301_BRAMBILLA_GOMES\Coverage\Computing_Model.c, line 0, character 0
 ~Computing_Model.h
  at file C:\Users\SI\Documents\0_ScadeFiles\ROB301_BRAMBILLA_GOMES\Coverage\Computing_Model.h, line 0, character 0
 ~kcg_types.h
  at file C:\Users\SI\Documents\0_ScadeFiles\ROB301_BRAMBILLA_GOMES\Coverage\kcg_types.h, line 0, character 0
 ~kcg_consts.h
  at file C:\Users\SI\Documents\0_ScadeFiles\ROB301_BRAMBILLA_GOMES\Coverage\kcg_consts.h, line 0, character 0
 ~kcg_sensors.h
  at file C:\Users\SI\Documents\0_ScadeFiles\ROB301_BRAMBILLA_GOMES\Coverage\kcg_sensors.h, line 0, character 0
 ~kcg_types.c
  at file C:\Users\SI\Documents\0_ScadeFiles\ROB301_BRAMBILLA_GOMES\Coverage\kcg_types.c, line 0, character 0
 ~kcg_consts.c
  at file C:\Users\SI\Documents\0_ScadeFiles\ROB301_BRAMBILLA_GOMES\Coverage\kcg_consts.c, line 0, character 0
 ~kcg_xml_filter_out.scade
  at file C:\Users\SI\Documents\0_ScadeFiles\ROB301_BRAMBILLA_GOMES\Coverage\kcg_xml_filter_out.scade, line 0, character 0
 ~config.txt
  at file C:\Users\SI\Documents\0_ScadeFiles\ROB301_BRAMBILLA_GOMES\Coverage\config.txt, line 0, character 0
*** Generated Files Information (GENFIL): Code Generator Generated files
 ~user_macros.h
  at file C:\Users\SI\Documents\0_ScadeFiles\ROB301_BRAMBILLA_GOMES\Coverage\user_macros.h, line 0, character 0
 ~kcg_imported_types.h
  at file C:\Users\SI\Documents\0_ScadeFiles\ROB301_BRAMBILLA_GOMES\Coverage\kcg_imported_types.h, line 0, character 0
 ~sc2c.log
  at file C:\Users\SI\Documents\0_ScadeFiles\ROB301_BRAMBILLA_GOMES\Coverage\sc2c.log, line 0, character 0
 ~sc2c_integration_files.txt
  at file C:\Users\SI\Documents\0_ScadeFiles\ROB301_BRAMBILLA_GOMES\Coverage\sc2c_integration_files.txt, line 0, character 0
*** Generated Files Information (GENFIL): Type Utils Generated files
 ~ROB301_BRAMBILLA_GOMES_type.h
  at file C:\Users\SI\Documents\0_ScadeFiles\ROB301_BRAMBILLA_GOMES\Coverage\ROB301_BRAMBILLA_GOMES_type.h, line 0, character 0
 ~ROB301_BRAMBILLA_GOMES_type.c
  at file C:\Users\SI\Documents\0_ScadeFiles\ROB301_BRAMBILLA_GOMES\Coverage\ROB301_BRAMBILLA_GOMES_type.c, line 0, character 0
*** Generated Files Information (GENFIL): Snapshot API Generated files
 ~ROB301_BRAMBILLA_GOMES_snapshot.h
  at file C:\Users\SI\Documents\0_ScadeFiles\ROB301_BRAMBILLA_GOMES\Coverage\ROB301_BRAMBILLA_GOMES_snapshot.h, line 0, character 0
 ~ROB301_BRAMBILLA_GOMES_snapshot.c
  at file C:\Users\SI\Documents\0_ScadeFiles\ROB301_BRAMBILLA_GOMES\Coverage\ROB301_BRAMBILLA_GOMES_snapshot.c, line 0, character 0
*** Generated Files Information (GENFIL): Mapping Utils Generated files
 ~ROB301_BRAMBILLA_GOMES_mapping.h
  at file C:\Users\SI\Documents\0_ScadeFiles\ROB301_BRAMBILLA_GOMES\Coverage\ROB301_BRAMBILLA_GOMES_mapping.h, line 0, character 0
 ~ROB301_BRAMBILLA_GOMES_mapping.c
  at file C:\Users\SI\Documents\0_ScadeFiles\ROB301_BRAMBILLA_GOMES\Coverage\ROB301_BRAMBILLA_GOMES_mapping.c, line 0, character 0
*** Generated Files Information (GENFIL): Simulator Generated files
 ~ROB301_BRAMBILLA_GOMES_interface.h
  at file C:\Users\SI\Documents\0_ScadeFiles\ROB301_BRAMBILLA_GOMES\Coverage\ROB301_BRAMBILLA_GOMES_interface.h, line 0, character 0
 ~ROB301_BRAMBILLA_GOMES_interface.c
  at file C:\Users\SI\Documents\0_ScadeFiles\ROB301_BRAMBILLA_GOMES\Coverage\ROB301_BRAMBILLA_GOMES_interface.c, line 0, character 0
 ~Computing_Model_dll.c
  at file C:\Users\SI\Documents\0_ScadeFiles\ROB301_BRAMBILLA_GOMES\Coverage\Computing_Model_dll.c, line 0, character 0
*** Generated Files Information (GENFIL): Build Generated files
 ~Makefile
  at file C:\Users\SI\Documents\0_ScadeFiles\ROB301_BRAMBILLA_GOMES\Coverage\Makefile, line 0, character 0
 ~Computing_Model.dll
  at file C:\Users\SI\Documents\0_ScadeFiles\ROB301_BRAMBILLA_GOMES\Coverage\Computing_Model.dll, line 0, character 0
 ~Computing_Model.exe
  at file C:\Users\SI\Documents\0_ScadeFiles\ROB301_BRAMBILLA_GOMES\Coverage\Computing_Model.exe, line 0, character 0
$**************  SCADETOC Version R17 (build i15) **************
** Generation date: 2020-02-07T16:30:50
** sc2c.log
*************************************************************$
