$**************  SCADETOC Version R17 (build i15) **************
** Generation date: 2020-02-07T16:54:04
** Command: scade -code "C:\Users\SI\Documents\0_ScadeFiles\ROB301_BRAMBILLA_GOMES\ROB301_BRAMBILLA_GOMES_MTC_INST\Coverage\ROB301_BRAMBILLA_GOMES_MTC_INST.etp" -root Computing_Model -conf Coverage -build
*************************************************************$
*** Generated Files Information (GENFIL): KCG- Generated files
 ~mapping.xml
  at file C:\Users\SI\Documents\0_ScadeFiles\ROB301_BRAMBILLA_GOMES\ROB301_BRAMBILLA_GOMES_MTC_INST\Coverage\Coverage\mapping.xml, line 0, character 0
 ~kcg_metrics.txt
  at file C:\Users\SI\Documents\0_ScadeFiles\ROB301_BRAMBILLA_GOMES\ROB301_BRAMBILLA_GOMES_MTC_INST\Coverage\Coverage\kcg_metrics.txt, line 0, character 0
 ~Computing_Model.c
  at file C:\Users\SI\Documents\0_ScadeFiles\ROB301_BRAMBILLA_GOMES\ROB301_BRAMBILLA_GOMES_MTC_INST\Coverage\Coverage\Computing_Model.c, line 0, character 0
 ~LATCHALL03_MTC.dc
  at file C:\Users\SI\Documents\0_ScadeFiles\ROB301_BRAMBILLA_GOMES\ROB301_BRAMBILLA_GOMES_MTC_INST\Coverage\Coverage\LATCHALL03_MTC.dc, line 0, character 0
 ~LATCHALL04_MTC.dc
  at file C:\Users\SI\Documents\0_ScadeFiles\ROB301_BRAMBILLA_GOMES\ROB301_BRAMBILLA_GOMES_MTC_INST\Coverage\Coverage\LATCHALL04_MTC.dc, line 0, character 0
 ~LATCHALL02_MTC.dc
  at file C:\Users\SI\Documents\0_ScadeFiles\ROB301_BRAMBILLA_GOMES\ROB301_BRAMBILLA_GOMES_MTC_INST\Coverage\Coverage\LATCHALL02_MTC.dc, line 0, character 0
 ~LATCHALL01_MTC.dc
  at file C:\Users\SI\Documents\0_ScadeFiles\ROB301_BRAMBILLA_GOMES\ROB301_BRAMBILLA_GOMES_MTC_INST\Coverage\Coverage\LATCHALL01_MTC.dc, line 0, character 0
 ~Computing_Model.h
  at file C:\Users\SI\Documents\0_ScadeFiles\ROB301_BRAMBILLA_GOMES\ROB301_BRAMBILLA_GOMES_MTC_INST\Coverage\Coverage\Computing_Model.h, line 0, character 0
 ~LATCHALL03_MTC.dh
  at file C:\Users\SI\Documents\0_ScadeFiles\ROB301_BRAMBILLA_GOMES\ROB301_BRAMBILLA_GOMES_MTC_INST\Coverage\Coverage\LATCHALL03_MTC.dh, line 0, character 0
 ~LATCHALL04_MTC.dh
  at file C:\Users\SI\Documents\0_ScadeFiles\ROB301_BRAMBILLA_GOMES\ROB301_BRAMBILLA_GOMES_MTC_INST\Coverage\Coverage\LATCHALL04_MTC.dh, line 0, character 0
 ~LATCHALL02_MTC.dh
  at file C:\Users\SI\Documents\0_ScadeFiles\ROB301_BRAMBILLA_GOMES\ROB301_BRAMBILLA_GOMES_MTC_INST\Coverage\Coverage\LATCHALL02_MTC.dh, line 0, character 0
 ~LATCHALL01_MTC.dh
  at file C:\Users\SI\Documents\0_ScadeFiles\ROB301_BRAMBILLA_GOMES\ROB301_BRAMBILLA_GOMES_MTC_INST\Coverage\Coverage\LATCHALL01_MTC.dh, line 0, character 0
 ~kcg_types.h
  at file C:\Users\SI\Documents\0_ScadeFiles\ROB301_BRAMBILLA_GOMES\ROB301_BRAMBILLA_GOMES_MTC_INST\Coverage\Coverage\kcg_types.h, line 0, character 0
 ~kcg_consts.h
  at file C:\Users\SI\Documents\0_ScadeFiles\ROB301_BRAMBILLA_GOMES\ROB301_BRAMBILLA_GOMES_MTC_INST\Coverage\Coverage\kcg_consts.h, line 0, character 0
 ~kcg_sensors.h
  at file C:\Users\SI\Documents\0_ScadeFiles\ROB301_BRAMBILLA_GOMES\ROB301_BRAMBILLA_GOMES_MTC_INST\Coverage\Coverage\kcg_sensors.h, line 0, character 0
 ~kcg_imported_types.dh
  at file C:\Users\SI\Documents\0_ScadeFiles\ROB301_BRAMBILLA_GOMES\ROB301_BRAMBILLA_GOMES_MTC_INST\Coverage\Coverage\kcg_imported_types.dh, line 0, character 0
 ~kcg_init.h
  at file C:\Users\SI\Documents\0_ScadeFiles\ROB301_BRAMBILLA_GOMES\ROB301_BRAMBILLA_GOMES_MTC_INST\Coverage\Coverage\kcg_init.h, line 0, character 0
 ~kcg_types.c
  at file C:\Users\SI\Documents\0_ScadeFiles\ROB301_BRAMBILLA_GOMES\ROB301_BRAMBILLA_GOMES_MTC_INST\Coverage\Coverage\kcg_types.c, line 0, character 0
 ~kcg_consts.c
  at file C:\Users\SI\Documents\0_ScadeFiles\ROB301_BRAMBILLA_GOMES\ROB301_BRAMBILLA_GOMES_MTC_INST\Coverage\Coverage\kcg_consts.c, line 0, character 0
 ~kcg_xml_filter_out.scade
  at file C:\Users\SI\Documents\0_ScadeFiles\ROB301_BRAMBILLA_GOMES\ROB301_BRAMBILLA_GOMES_MTC_INST\Coverage\Coverage\kcg_xml_filter_out.scade, line 0, character 0
 ~config.txt
  at file C:\Users\SI\Documents\0_ScadeFiles\ROB301_BRAMBILLA_GOMES\ROB301_BRAMBILLA_GOMES_MTC_INST\Coverage\Coverage\config.txt, line 0, character 0
*** Generated Files Information (GENFIL): Code Generator Generated files
 ~user_macros.h
  at file C:\Users\SI\Documents\0_ScadeFiles\ROB301_BRAMBILLA_GOMES\ROB301_BRAMBILLA_GOMES_MTC_INST\Coverage\Coverage\user_macros.h, line 0, character 0
 ~kcg_imported_types.h
  at file C:\Users\SI\Documents\0_ScadeFiles\ROB301_BRAMBILLA_GOMES\ROB301_BRAMBILLA_GOMES_MTC_INST\Coverage\Coverage\kcg_imported_types.h, line 0, character 0
 ~sc2c.log
  at file C:\Users\SI\Documents\0_ScadeFiles\ROB301_BRAMBILLA_GOMES\ROB301_BRAMBILLA_GOMES_MTC_INST\Coverage\Coverage\sc2c.log, line 0, character 0
 ~sc2c_integration_files.txt
  at file C:\Users\SI\Documents\0_ScadeFiles\ROB301_BRAMBILLA_GOMES\ROB301_BRAMBILLA_GOMES_MTC_INST\Coverage\Coverage\sc2c_integration_files.txt, line 0, character 0
*** Generated Files Information (GENFIL): Type Utils Generated files
 ~ROB301_BRAMBILLA_GOMES_MTC_INST_type.h
  at file C:\Users\SI\Documents\0_ScadeFiles\ROB301_BRAMBILLA_GOMES\ROB301_BRAMBILLA_GOMES_MTC_INST\Coverage\Coverage\ROB301_BRAMBILLA_GOMES_MTC_INST_type.h, line 0, character 0
 ~ROB301_BRAMBILLA_GOMES_MTC_INST_type.c
  at file C:\Users\SI\Documents\0_ScadeFiles\ROB301_BRAMBILLA_GOMES\ROB301_BRAMBILLA_GOMES_MTC_INST\Coverage\Coverage\ROB301_BRAMBILLA_GOMES_MTC_INST_type.c, line 0, character 0
*** Generated Files Information (GENFIL): Snapshot API Generated files
 ~ROB301_BRAMBILLA_GOMES_MTC_INST_snapshot.h
  at file C:\Users\SI\Documents\0_ScadeFiles\ROB301_BRAMBILLA_GOMES\ROB301_BRAMBILLA_GOMES_MTC_INST\Coverage\Coverage\ROB301_BRAMBILLA_GOMES_MTC_INST_snapshot.h, line 0, character 0
 ~ROB301_BRAMBILLA_GOMES_MTC_INST_snapshot.c
  at file C:\Users\SI\Documents\0_ScadeFiles\ROB301_BRAMBILLA_GOMES\ROB301_BRAMBILLA_GOMES_MTC_INST\Coverage\Coverage\ROB301_BRAMBILLA_GOMES_MTC_INST_snapshot.c, line 0, character 0
*** Generated Files Information (GENFIL): Mapping Utils Generated files
 ~ROB301_BRAMBILLA_GOMES_MTC_INST_mapping.h
  at file C:\Users\SI\Documents\0_ScadeFiles\ROB301_BRAMBILLA_GOMES\ROB301_BRAMBILLA_GOMES_MTC_INST\Coverage\Coverage\ROB301_BRAMBILLA_GOMES_MTC_INST_mapping.h, line 0, character 0
 ~ROB301_BRAMBILLA_GOMES_MTC_INST_mapping.c
  at file C:\Users\SI\Documents\0_ScadeFiles\ROB301_BRAMBILLA_GOMES\ROB301_BRAMBILLA_GOMES_MTC_INST\Coverage\Coverage\ROB301_BRAMBILLA_GOMES_MTC_INST_mapping.c, line 0, character 0
*** Generated Files Information (GENFIL): Simulator Generated files
 ~ROB301_BRAMBILLA_GOMES_MTC_INST_interface.h
  at file C:\Users\SI\Documents\0_ScadeFiles\ROB301_BRAMBILLA_GOMES\ROB301_BRAMBILLA_GOMES_MTC_INST\Coverage\Coverage\ROB301_BRAMBILLA_GOMES_MTC_INST_interface.h, line 0, character 0
 ~ROB301_BRAMBILLA_GOMES_MTC_INST_interface.c
  at file C:\Users\SI\Documents\0_ScadeFiles\ROB301_BRAMBILLA_GOMES\ROB301_BRAMBILLA_GOMES_MTC_INST\Coverage\Coverage\ROB301_BRAMBILLA_GOMES_MTC_INST_interface.c, line 0, character 0
 ~Computing_Model_dll.c
  at file C:\Users\SI\Documents\0_ScadeFiles\ROB301_BRAMBILLA_GOMES\ROB301_BRAMBILLA_GOMES_MTC_INST\Coverage\Coverage\Computing_Model_dll.c, line 0, character 0
*** Generated Files Information (GENFIL): MTC Instrumenter Generated files
 ~C:\Users\SI\Documents\0_ScadeFiles\ROB301_BRAMBILLA_GOMES\ROB301_BRAMBILLA_GOMES_MTC_INST\Coverage\Coverage\mtcw_cov_reset.h
  at file C:\Users\SI\Documents\0_ScadeFiles\ROB301_BRAMBILLA_GOMES\ROB301_BRAMBILLA_GOMES_MTC_INST\Coverage\Coverage\mtcw_cov_reset.h, line 0, character 0
 ~C:\Users\SI\Documents\0_ScadeFiles\ROB301_BRAMBILLA_GOMES\ROB301_BRAMBILLA_GOMES_MTC_INST\Coverage\Coverage\mtcw_cov_reset.c
  at file C:\Users\SI\Documents\0_ScadeFiles\ROB301_BRAMBILLA_GOMES\ROB301_BRAMBILLA_GOMES_MTC_INST\Coverage\Coverage\mtcw_cov_reset.c, line 0, character 0
*** Generated Files Information (GENFIL): Build Generated files
 ~Makefile
  at file C:\Users\SI\Documents\0_ScadeFiles\ROB301_BRAMBILLA_GOMES\ROB301_BRAMBILLA_GOMES_MTC_INST\Coverage\Coverage\Makefile, line 0, character 0
 ~Computing_Model.dll
  at file C:\Users\SI\Documents\0_ScadeFiles\ROB301_BRAMBILLA_GOMES\ROB301_BRAMBILLA_GOMES_MTC_INST\Coverage\Coverage\Computing_Model.dll, line 0, character 0
 ~Computing_Model.exe
  at file C:\Users\SI\Documents\0_ScadeFiles\ROB301_BRAMBILLA_GOMES\ROB301_BRAMBILLA_GOMES_MTC_INST\Coverage\Coverage\Computing_Model.exe, line 0, character 0
$**************  SCADETOC Version R17 (build i15) **************
** Generation date: 2020-02-07T16:54:06
** sc2c.log
*************************************************************$
